<?xml version="1.0" encoding="UTF-8"?>
<testng-results ignored="0" total="2" passed="2" failed="0" skipped="0">
  <reporter-output>
  </reporter-output>
  <suite started-at="2023-10-16T07:12:09Z" name="Default suite" finished-at="2023-10-16T07:12:35Z" duration-ms="25827">
    <groups>
    </groups>
    <test started-at="2023-10-16T07:12:09Z" name="Default test" finished-at="2023-10-16T07:12:35Z" duration-ms="25827">
      <class name="test.LoginPageTest">
        <test-method is-config="true" signature="setUp()[pri:0, instance:test.LoginPageTest@3370f42]" started-at="2023-10-16T07:12:09Z" name="setUp" finished-at="2023-10-16T07:12:12Z" duration-ms="2439" status="PASS">
          <reporter-output>
          </reporter-output>
        </test-method> <!-- setUp -->
        <test-method signature="loginTest()[pri:0, instance:test.LoginPageTest@3370f42]" started-at="2023-10-16T07:12:12Z" name="loginTest" finished-at="2023-10-16T07:12:22Z" duration-ms="10393" status="PASS">
          <reporter-output>
          </reporter-output>
        </test-method> <!-- loginTest -->
        <test-method is-config="true" signature="tearDown()[pri:0, instance:test.LoginPageTest@3370f42]" started-at="2023-10-16T07:12:22Z" name="tearDown" finished-at="2023-10-16T07:12:22Z" duration-ms="203" status="PASS">
          <reporter-output>
          </reporter-output>
        </test-method> <!-- tearDown -->
        <test-method is-config="true" signature="setUp()[pri:0, instance:test.LoginPageTest@3370f42]" started-at="2023-10-16T07:12:22Z" name="setUp" finished-at="2023-10-16T07:12:24Z" duration-ms="2079" status="PASS">
          <reporter-output>
          </reporter-output>
        </test-method> <!-- setUp -->
        <test-method signature="pageTitleTest()[pri:0, instance:test.LoginPageTest@3370f42]" started-at="2023-10-16T07:12:24Z" name="pageTitleTest" finished-at="2023-10-16T07:12:35Z" duration-ms="10518" status="PASS">
          <reporter-output>
          </reporter-output>
        </test-method> <!-- pageTitleTest -->
        <test-method is-config="true" signature="tearDown()[pri:0, instance:test.LoginPageTest@3370f42]" started-at="2023-10-16T07:12:35Z" name="tearDown" finished-at="2023-10-16T07:12:35Z" duration-ms="173" status="PASS">
          <reporter-output>
          </reporter-output>
        </test-method> <!-- tearDown -->
      </class> <!-- test.LoginPageTest -->
    </test> <!-- Default test -->
  </suite> <!-- Default suite -->
</testng-results>
